# JRE version: Java(TM) SE Runtime Environment (8.0_31-b13) (build 1.8.0_31-b13)
# Java VM: Java HotSpot(TM) 64-Bit Server VM (25.31-b07 mixed mode bsd-amd64 compressed oops)
Heap:
 PSYoungGen      total 28672K, used 12565K [0x00000007aab00000, 0x00000007ae300000, 0x00000007c0000000)
  eden space 24576K, 34% used [0x00000007aab00000,0x00000007ab34d690,0x00000007ac300000)
  from space 4096K, 99% used [0x00000007ac300000,0x00000007ac6f8020,0x00000007ac700000)
  to   space 4096K, 0% used [0x00000007adf00000,0x00000007adf00000,0x00000007ae300000)
 ParOldGen       total 65536K, used 4046K [0x0000000780000000, 0x0000000784000000, 0x00000007aab00000)
  object space 65536K, 6% used [0x0000000780000000,0x00000007803f3800,0x0000000784000000)
 Metaspace       used 15731K, capacity 16052K, committed 16384K, reserved 1062912K
  class space    used 2159K, capacity 2244K, committed 2304K, reserved 1048576K
GC Heap History (6 events):
Event: 1.587 GC heap before
{Heap before GC invocations=1 (full 0):
 PSYoungGen      total 28672K, used 24576K [0x00000007aab00000, 0x00000007acb00000, 0x00000007c0000000)
  eden space 24576K, 100% used [0x00000007aab00000,0x00000007ac300000,0x00000007ac300000)
  from space 4096K, 0% used [0x00000007ac700000,0x00000007ac700000,0x00000007acb00000)
  to   space 4096K, 0% used [0x00000007ac300000,0x00000007ac300000,0x00000007ac700000)
 ParOldGen       total 65536K, used 0K [0x0000000780000000, 0x0000000784000000, 0x00000007aab00000)
  object space 65536K, 0% used [0x0000000780000000,0x0000000780000000,0x0000000784000000)
 Metaspace       used 6563K, capacity 6692K, committed 6784K, reserved 1056768K
  class space    used 837K, capacity 888K, committed 896K, reserved 1048576K
Event: 1.599 GC heap after
Heap after GC invocations=1 (full 0):
 PSYoungGen      total 28672K, used 3634K [0x00000007aab00000, 0x00000007acb00000, 0x00000007c0000000)
  eden space 24576K, 0% used [0x00000007aab00000,0x00000007aab00000,0x00000007ac300000)
  from space 4096K, 88% used [0x00000007ac300000,0x00000007ac68c898,0x00000007ac700000)
  to   space 4096K, 0% used [0x00000007ac700000,0x00000007ac700000,0x00000007acb00000)
 ParOldGen       total 65536K, used 8K [0x0000000780000000, 0x0000000784000000, 0x00000007aab00000)
  object space 65536K, 0% used [0x0000000780000000,0x0000000780002000,0x0000000784000000)
 Metaspace       used 6563K, capacity 6692K, committed 6784K, reserved 1056768K
  class space    used 837K, capacity 888K, committed 896K, reserved 1048576K
}
Event: 2.756 GC heap before
{Heap before GC invocations=2 (full 0):
 PSYoungGen      total 28672K, used 28210K [0x00000007aab00000, 0x00000007acb00000, 0x00000007c0000000)
  eden space 24576K, 100% used [0x00000007aab00000,0x00000007ac300000,0x00000007ac300000)
  from space 4096K, 88% used [0x00000007ac300000,0x00000007ac68c898,0x00000007ac700000)
  to   space 4096K, 0% used [0x00000007ac700000,0x00000007ac700000,0x00000007acb00000)
 ParOldGen       total 65536K, used 8K [0x0000000780000000, 0x0000000784000000, 0x00000007aab00000)
  object space 65536K, 0% used [0x0000000780000000,0x0000000780002000,0x0000000784000000)
 Metaspace       used 9955K, capacity 10164K, committed 10496K, reserved 1058816K
  class space    used 1361K, capacity 1412K, committed 1536K, reserved 1048576K
Event: 2.778 GC heap after
Heap after GC invocations=2 (full 0):
 PSYoungGen      total 28672K, used 4083K [0x00000007aab00000, 0x00000007ae300000, 0x00000007c0000000)
  eden space 24576K, 0% used [0x00000007aab00000,0x00000007aab00000,0x00000007ac300000)
  from space 4096K, 99% used [0x00000007ac700000,0x00000007acafce08,0x00000007acb00000)
  to   space 4096K, 0% used [0x00000007ac300000,0x00000007ac300000,0x00000007ac700000)
 ParOldGen       total 65536K, used 776K [0x0000000780000000, 0x0000000784000000, 0x00000007aab00000)
  object space 65536K, 1% used [0x0000000780000000,0x00000007800c2140,0x0000000784000000)
 Metaspace       used 9955K, capacity 10164K, committed 10496K, reserved 1058816K
  class space    used 1361K, capacity 1412K, committed 1536K, reserved 1048576K
}
Event: 3.934 GC heap before
{Heap before GC invocations=3 (full 0):
 PSYoungGen      total 28672K, used 28659K [0x00000007aab00000, 0x00000007ae300000, 0x00000007c0000000)
  eden space 24576K, 100% used [0x00000007aab00000,0x00000007ac300000,0x00000007ac300000)
  from space 4096K, 99% used [0x00000007ac700000,0x00000007acafce08,0x00000007acb00000)
  to   space 4096K, 0% used [0x00000007ac300000,0x00000007ac300000,0x00000007ac700000)
 ParOldGen       total 65536K, used 776K [0x0000000780000000, 0x0000000784000000, 0x00000007aab00000)
  object space 65536K, 1% used [0x0000000780000000,0x00000007800c2140,0x0000000784000000)
 Metaspace       used 15094K, capacity 15348K, committed 15488K, reserved 1062912K
  class space    used 2041K, capacity 2116K, committed 2176K, reserved 1048576K
Event: 3.956 GC heap after
Heap after GC invocations=3 (full 0):
 PSYoungGen      total 28672K, used 4064K [0x00000007aab00000, 0x00000007ae300000, 0x00000007c0000000)
  eden space 24576K, 0% used [0x00000007aab00000,0x00000007aab00000,0x00000007ac300000)
  from space 4096K, 99% used [0x00000007ac300000,0x00000007ac6f8020,0x00000007ac700000)
  to   space 4096K, 0% used [0x00000007adf00000,0x00000007adf00000,0x00000007ae300000)
 ParOldGen       total 65536K, used 4046K [0x0000000780000000, 0x0000000784000000, 0x00000007aab00000)
  object space 65536K, 6% used [0x0000000780000000,0x00000007803f3800,0x0000000784000000)
 Metaspace       used 15094K, capacity 15348K, committed 15488K, reserved 1062912K
  class space    used 2041K, capacity 2116K, committed 2176K, reserved 1048576K
}

